2022-05-13 15:37:05,287 INFO o.a.j.u.JMeterUtils: Setting Locale to en_EN
2022-05-13 15:37:05,314 INFO o.a.j.JMeter: Loading user properties from: user.properties
2022-05-13 15:37:05,324 INFO o.a.j.JMeter: Loading system properties from: system.properties
2022-05-13 15:37:05,346 INFO o.a.j.JMeter: Copyright (c) 1998-2021 The Apache Software Foundation
2022-05-13 15:37:05,346 INFO o.a.j.JMeter: Version 5.4.3
2022-05-13 15:37:05,346 INFO o.a.j.JMeter: java.version=1.8.0_321
2022-05-13 15:37:05,346 INFO o.a.j.JMeter: java.vm.name=Java HotSpot(TM) 64-Bit Server VM
2022-05-13 15:37:05,347 INFO o.a.j.JMeter: os.name=Windows 11
2022-05-13 15:37:05,347 INFO o.a.j.JMeter: os.arch=amd64
2022-05-13 15:37:05,347 INFO o.a.j.JMeter: os.version=10.0
2022-05-13 15:37:05,347 INFO o.a.j.JMeter: file.encoding=Cp1252
2022-05-13 15:37:05,347 INFO o.a.j.JMeter: java.awt.headless=null
2022-05-13 15:37:05,347 INFO o.a.j.JMeter: Max memory     =1073741824
2022-05-13 15:37:05,347 INFO o.a.j.JMeter: Available Processors =8
2022-05-13 15:37:05,360 INFO o.a.j.JMeter: Default Locale=English (EN)
2022-05-13 15:37:05,360 INFO o.a.j.JMeter: JMeter  Locale=English (EN)
2022-05-13 15:37:05,360 INFO o.a.j.JMeter: JMeterHome=C:\apache-jmeter-5.4.3
2022-05-13 15:37:05,360 INFO o.a.j.JMeter: user.dir  =C:\apache-jmeter-5.4.3\bin
2022-05-13 15:37:05,361 INFO o.a.j.JMeter: PWD       =C:\apache-jmeter-5.4.3\bin
2022-05-13 15:37:05,408 INFO o.a.j.JMeter: IP: 10.0.0.76 Name: LAPTOP-00LJ2F6F FullName: 10.0.0.76
2022-05-13 15:37:05,668 INFO o.a.j.JMeter: Setting LAF to: com.github.weisj.darklaf.DarkLaf:com.github.weisj.darklaf.theme.DarculaTheme
2022-05-13 15:37:06,988 INFO o.a.j.JMeter: Loaded icon properties from org/apache/jmeter/images/icon.properties
2022-05-13 15:37:09,230 WARN o.j.r.PluginManagerMenuCreator: Was unable to install pmgr cmdline tool
java.nio.file.NoSuchFileException: C:\bin\PluginsManagerCMD.bat
	at sun.nio.fs.WindowsException.translateToIOException(Unknown Source) ~[?:1.8.0_321]
	at sun.nio.fs.WindowsException.rethrowAsIOException(Unknown Source) ~[?:1.8.0_321]
	at sun.nio.fs.WindowsException.rethrowAsIOException(Unknown Source) ~[?:1.8.0_321]
	at sun.nio.fs.WindowsFileSystemProvider.newByteChannel(Unknown Source) ~[?:1.8.0_321]
	at java.nio.file.spi.FileSystemProvider.newOutputStream(Unknown Source) ~[?:1.8.0_321]
	at java.nio.file.Files.newOutputStream(Unknown Source) ~[?:1.8.0_321]
	at java.nio.file.Files.copy(Unknown Source) ~[?:1.8.0_321]
	at org.jmeterplugins.repository.PluginManagerCMDInstaller.writeOut(PluginManagerCMDInstaller.java:24) ~[jmeter-plugins-manager-1.7.jar:?]
	at org.jmeterplugins.repository.PluginManagerCMDInstaller.main(PluginManagerCMDInstaller.java:12) ~[jmeter-plugins-manager-1.7.jar:?]
	at org.jmeterplugins.repository.PluginManagerMenuCreator.getMenuItemsAtLocation(PluginManagerMenuCreator.java:16) [jmeter-plugins-manager-1.7.jar:?]
	at org.apache.jmeter.gui.util.JMeterMenuBar.addPluginsMenuItems(JMeterMenuBar.java:595) [ApacheJMeter_core.jar:5.4.3]
	at org.apache.jmeter.gui.util.JMeterMenuBar.makeOptionsMenu(JMeterMenuBar.java:342) [ApacheJMeter_core.jar:5.4.3]
	at org.apache.jmeter.gui.util.JMeterMenuBar.createMenuBar(JMeterMenuBar.java:202) [ApacheJMeter_core.jar:5.4.3]
	at org.apache.jmeter.gui.util.JMeterMenuBar.<init>(JMeterMenuBar.java:117) [ApacheJMeter_core.jar:5.4.3]
	at org.apache.jmeter.gui.MainFrame.init(MainFrame.java:515) [ApacheJMeter_core.jar:5.4.3]
	at org.apache.jmeter.gui.MainFrame.<init>(MainFrame.java:232) [ApacheJMeter_core.jar:5.4.3]
	at org.apache.jmeter.JMeter.startGui(JMeter.java:410) [ApacheJMeter_core.jar:5.4.3]
	at org.apache.jmeter.JMeter.start(JMeter.java:560) [ApacheJMeter_core.jar:5.4.3]
	at sun.reflect.NativeMethodAccessorImpl.invoke0(Native Method) ~[?:1.8.0_321]
	at sun.reflect.NativeMethodAccessorImpl.invoke(Unknown Source) ~[?:1.8.0_321]
	at sun.reflect.DelegatingMethodAccessorImpl.invoke(Unknown Source) ~[?:1.8.0_321]
	at java.lang.reflect.Method.invoke(Unknown Source) ~[?:1.8.0_321]
	at org.apache.jmeter.NewDriver.main(NewDriver.java:254) [ApacheJMeter.jar:5.4.3]
2022-05-13 15:37:09,282 WARN o.j.r.PluginManager: Found JAR conflict: C:\apache-jmeter-5.4.3\lib\ext\jmeter-plugins-manager-1.7.jar and C:\apache-jmeter-5.4.3\lib\jmeter-plugins-manager-1.7.jar
2022-05-13 15:37:09,681 INFO o.j.r.JARSourceHTTP: Requesting https://jmeter-plugins.org/repo/?installID=windows_11-d763e61a17ca702c205b6e484e0dad53-gui
2022-05-13 15:37:15,878 INFO o.j.r.PluginManager: Plugins Status: [jpgc-graphs-basic=2.0, jpgc-graphs-additional=2.0, jpgc-plugins-manager=1.7, jpgc-webdriver=3.3, jmeter-core=5.4.3, jmeter-ftp=5.4.3, jmeter-http=5.4.3, jmeter-jdbc=5.4.3, jmeter-jms=5.4.3, jmeter-junit=5.4.3, jmeter-java=5.4.3, jmeter-ldap=5.4.3, jmeter-mail=5.4.3, jmeter-mongodb=5.4.3, jmeter-native=5.4.3, jmeter-tcp=5.4.3, jmeter-components=5.4.3]
2022-05-13 15:37:17,078 WARN o.j.r.h.StatsReporter: Failed to send repo stats
org.apache.http.conn.ConnectTimeoutException: Connect to jmeter-plugins.org:443 timed out
	at org.apache.http.conn.ssl.SSLSocketFactory.connectSocket(SSLSocketFactory.java:545) ~[httpclient-4.5.12.jar:4.5.12]
	at org.apache.http.conn.ssl.SSLSocketFactory.connectSocket(SSLSocketFactory.java:415) ~[httpclient-4.5.12.jar:4.5.12]
	at org.apache.http.impl.conn.DefaultClientConnectionOperator.openConnection(DefaultClientConnectionOperator.java:180) ~[httpclient-4.5.12.jar:4.5.12]
	at org.apache.http.impl.conn.ManagedClientConnectionImpl.open(ManagedClientConnectionImpl.java:326) ~[httpclient-4.5.12.jar:4.5.12]
	at org.apache.http.impl.client.DefaultRequestDirector.tryConnect(DefaultRequestDirector.java:605) ~[httpclient-4.5.12.jar:4.5.12]
	at org.apache.http.impl.client.DefaultRequestDirector.execute(DefaultRequestDirector.java:440) ~[httpclient-4.5.12.jar:4.5.12]
	at org.apache.http.impl.client.AbstractHttpClient.doExecute(AbstractHttpClient.java:835) ~[httpclient-4.5.12.jar:4.5.12]
	at org.apache.http.impl.client.CloseableHttpClient.execute(CloseableHttpClient.java:83) ~[httpclient-4.5.12.jar:4.5.12]
	at org.apache.http.impl.client.CloseableHttpClient.execute(CloseableHttpClient.java:56) ~[httpclient-4.5.12.jar:4.5.12]
	at org.jmeterplugins.repository.JARSourceHTTP.execute(JARSourceHTTP.java:499) ~[jmeter-plugins-manager-1.7.jar:?]
	at org.jmeterplugins.repository.JARSourceHTTP.execute(JARSourceHTTP.java:494) ~[jmeter-plugins-manager-1.7.jar:?]
	at org.jmeterplugins.repository.JARSourceHTTP.reportStats(JARSourceHTTP.java:451) ~[jmeter-plugins-manager-1.7.jar:?]
	at org.jmeterplugins.repository.http.StatsReporter.run(StatsReporter.java:24) [jmeter-plugins-manager-1.7.jar:?]
2022-05-13 15:37:32,514 INFO o.a.j.s.FileServer: Default base='C:\apache-jmeter-5.4.3\bin'
2022-05-13 15:38:22,584 INFO o.a.j.g.a.Load: Loading file: C:\apache-jmeter-5.4.3\bin\FTP Request.jmx
2022-05-13 15:38:22,585 INFO o.a.j.s.FileServer: Set new base='C:\apache-jmeter-5.4.3\bin'
2022-05-13 15:38:22,843 INFO o.a.j.s.SaveService: Testplan (JMX) version: 2.2. Testlog (JTL) version: 2.2
2022-05-13 15:38:22,865 INFO o.a.j.s.SaveService: Using SaveService properties file encoding UTF-8
2022-05-13 15:38:22,867 INFO o.a.j.s.SaveService: Using SaveService properties version 5.0
2022-05-13 15:38:22,871 INFO o.a.j.s.SaveService: Loading file: C:\apache-jmeter-5.4.3\bin\FTP Request.jmx
2022-05-13 15:38:23,158 INFO o.a.j.s.SampleResult: Note: Sample TimeStamps are START times
2022-05-13 15:38:23,158 INFO o.a.j.s.SampleResult: sampleresult.default.encoding is set to ISO-8859-1
2022-05-13 15:38:23,158 INFO o.a.j.s.SampleResult: sampleresult.useNanoTime=true
2022-05-13 15:38:23,158 INFO o.a.j.s.SampleResult: sampleresult.nanoThreadSleep=5000
2022-05-13 15:38:23,591 INFO o.a.j.s.FileServer: Set new base='C:\apache-jmeter-5.4.3\bin'
2022-05-13 15:38:47,807 INFO o.a.j.e.StandardJMeterEngine: Running the test!
2022-05-13 15:38:47,808 INFO o.a.j.s.SampleEvent: List of sample_variables: []
2022-05-13 15:38:47,809 INFO o.a.j.s.SampleEvent: List of sample_variables: []
2022-05-13 15:38:47,811 INFO o.a.j.e.u.CompoundVariable: Note: Function class names must contain the string: '.functions.'
2022-05-13 15:38:47,811 INFO o.a.j.e.u.CompoundVariable: Note: Function class names must not contain the string: '.gui.'
2022-05-13 15:38:48,234 INFO o.a.j.g.u.JMeterMenuBar: setRunning(true, *local*)
2022-05-13 15:38:48,372 INFO o.a.j.e.StandardJMeterEngine: Starting ThreadGroup: 1 : FTPThread Group
2022-05-13 15:38:48,372 INFO o.a.j.e.StandardJMeterEngine: Starting 1 threads for group FTPThread Group.
2022-05-13 15:38:48,373 INFO o.a.j.e.StandardJMeterEngine: Thread will continue on error
2022-05-13 15:38:48,373 INFO o.a.j.t.ThreadGroup: Starting thread group... number=1 threads=1 ramp-up=1 delayedStart=false
2022-05-13 15:38:48,379 INFO o.a.j.t.ThreadGroup: Started thread group number 1
2022-05-13 15:38:48,379 INFO o.a.j.e.StandardJMeterEngine: All thread groups have been started
2022-05-13 15:38:48,382 INFO o.a.j.t.JMeterThread: Thread started: FTPThread Group 1-1
2022-05-13 15:38:48,412 INFO o.a.j.t.JMeterThread: Thread is done: FTPThread Group 1-1
2022-05-13 15:38:48,412 INFO o.a.j.t.JMeterThread: Thread finished: FTPThread Group 1-1
2022-05-13 15:38:48,413 INFO o.a.j.e.StandardJMeterEngine: Notifying test listeners of end of test
2022-05-13 15:38:48,413 INFO o.a.j.g.u.JMeterMenuBar: setRunning(false, *local*)
2022-05-13 15:40:15,624 INFO o.a.j.g.a.Load: Loading file: C:\apache-jmeter-5.4.3\bin\If Thread Group.jmx
2022-05-13 15:40:15,624 INFO o.a.j.s.FileServer: Set new base='C:\apache-jmeter-5.4.3\bin'
2022-05-13 15:40:15,624 INFO o.a.j.s.SaveService: Loading file: C:\apache-jmeter-5.4.3\bin\If Thread Group.jmx
2022-05-13 15:40:15,681 INFO o.a.j.p.h.s.HTTPSamplerBase: Parser for text/html is org.apache.jmeter.protocol.http.parser.LagartoBasedHtmlParser
2022-05-13 15:40:15,681 INFO o.a.j.p.h.s.HTTPSamplerBase: Parser for application/xhtml+xml is org.apache.jmeter.protocol.http.parser.LagartoBasedHtmlParser
2022-05-13 15:40:15,681 INFO o.a.j.p.h.s.HTTPSamplerBase: Parser for application/xml is org.apache.jmeter.protocol.http.parser.LagartoBasedHtmlParser
2022-05-13 15:40:15,681 INFO o.a.j.p.h.s.HTTPSamplerBase: Parser for text/xml is org.apache.jmeter.protocol.http.parser.LagartoBasedHtmlParser
2022-05-13 15:40:15,682 INFO o.a.j.p.h.s.HTTPSamplerBase: Parser for text/vnd.wap.wml is org.apache.jmeter.protocol.http.parser.RegexpHTMLParser
2022-05-13 15:40:15,682 INFO o.a.j.p.h.s.HTTPSamplerBase: Parser for text/css is org.apache.jmeter.protocol.http.parser.CssParser
2022-05-13 15:40:15,966 INFO o.a.j.s.FileServer: Set new base='C:\apache-jmeter-5.4.3\bin'
2022-05-13 15:40:35,445 INFO o.a.j.e.StandardJMeterEngine: Running the test!
2022-05-13 15:40:35,446 INFO o.a.j.s.SampleEvent: List of sample_variables: []
2022-05-13 15:40:35,449 INFO o.a.j.g.u.JMeterMenuBar: setRunning(true, *local*)
2022-05-13 15:40:35,583 INFO o.a.j.e.StandardJMeterEngine: Starting ThreadGroup: 1 : If Thread Group
2022-05-13 15:40:35,583 INFO o.a.j.e.StandardJMeterEngine: Starting 1 threads for group If Thread Group.
2022-05-13 15:40:35,583 INFO o.a.j.e.StandardJMeterEngine: Thread will continue on error
2022-05-13 15:40:35,583 INFO o.a.j.t.ThreadGroup: Starting thread group... number=1 threads=1 ramp-up=1 delayedStart=false
2022-05-13 15:40:35,584 INFO o.a.j.t.ThreadGroup: Started thread group number 1
2022-05-13 15:40:35,584 INFO o.a.j.e.StandardJMeterEngine: All thread groups have been started
2022-05-13 15:40:35,590 INFO o.a.j.t.JMeterThread: Thread started: If Thread Group 1-1
2022-05-13 15:40:35,772 INFO o.a.j.p.h.s.HTTPHCAbstractImpl: Local host = LAPTOP-00LJ2F6F
2022-05-13 15:40:35,780 INFO o.a.j.p.h.s.HTTPHC4Impl: HTTP request retry count = 0
2022-05-13 15:40:39,595 INFO o.a.j.t.JMeterThread: Thread is done: If Thread Group 1-1
2022-05-13 15:40:39,595 INFO o.a.j.t.JMeterThread: Thread finished: If Thread Group 1-1
2022-05-13 15:40:39,598 INFO o.a.j.e.StandardJMeterEngine: Notifying test listeners of end of test
2022-05-13 15:40:39,598 INFO o.a.j.g.u.JMeterMenuBar: setRunning(false, *local*)
2022-05-13 15:41:06,606 INFO o.a.j.g.a.Load: Loading file: C:\apache-jmeter-5.4.3\bin\Include Thread Group.jmx
2022-05-13 15:41:06,606 INFO o.a.j.s.FileServer: Set new base='C:\apache-jmeter-5.4.3\bin'
2022-05-13 15:41:06,607 INFO o.a.j.s.SaveService: Loading file: C:\apache-jmeter-5.4.3\bin\Include Thread Group.jmx
2022-05-13 15:41:06,773 INFO o.a.j.s.FileServer: Set new base='C:\apache-jmeter-5.4.3\bin'
2022-05-13 15:41:06,822 INFO o.a.j.c.IncludeController: loadIncludedElements -- try to load included module: C:\apache-jmeter-5.4.3\bin\Module Thread Group.jmx
2022-05-13 15:41:06,823 INFO o.a.j.s.SaveService: Loading file: C:\apache-jmeter-5.4.3\bin\Module Thread Group.jmx
2022-05-13 15:41:06,852 WARN o.a.j.c.IncludeController: No Test Fragment was found in included Test Plan, returning empty HashTree
2022-05-13 15:41:06,886 INFO o.a.j.c.IncludeController: loadIncludedElements -- try to load included module: C:\apache-jmeter-5.4.3\bin\Module Thread Group.jmx
2022-05-13 15:41:06,887 INFO o.a.j.s.SaveService: Loading file: C:\apache-jmeter-5.4.3\bin\Module Thread Group.jmx
2022-05-13 15:41:06,914 WARN o.a.j.c.IncludeController: No Test Fragment was found in included Test Plan, returning empty HashTree
2022-05-13 15:41:22,868 INFO o.a.j.c.IncludeController: loadIncludedElements -- try to load included module: C:\apache-jmeter-5.4.3\bin\Module Thread Group.jmx
2022-05-13 15:41:22,869 INFO o.a.j.s.SaveService: Loading file: C:\apache-jmeter-5.4.3\bin\Module Thread Group.jmx
2022-05-13 15:41:22,888 WARN o.a.j.c.IncludeController: No Test Fragment was found in included Test Plan, returning empty HashTree
2022-05-13 15:41:22,889 INFO o.a.j.c.IncludeController: loadIncludedElements -- try to load included module: C:\apache-jmeter-5.4.3\bin\Module Thread Group.jmx
2022-05-13 15:41:22,890 INFO o.a.j.s.SaveService: Loading file: C:\apache-jmeter-5.4.3\bin\Module Thread Group.jmx
2022-05-13 15:41:22,902 WARN o.a.j.c.IncludeController: No Test Fragment was found in included Test Plan, returning empty HashTree
2022-05-13 15:41:22,902 INFO o.a.j.c.IncludeController: loadIncludedElements -- try to load included module: C:\apache-jmeter-5.4.3\bin\Module Thread Group.jmx
2022-05-13 15:41:22,902 INFO o.a.j.s.SaveService: Loading file: C:\apache-jmeter-5.4.3\bin\Module Thread Group.jmx
2022-05-13 15:41:22,916 WARN o.a.j.c.IncludeController: No Test Fragment was found in included Test Plan, returning empty HashTree
2022-05-13 15:41:22,917 INFO o.a.j.e.StandardJMeterEngine: Running the test!
2022-05-13 15:41:22,918 INFO o.a.j.s.SampleEvent: List of sample_variables: []
2022-05-13 15:41:22,921 INFO o.a.j.g.u.JMeterMenuBar: setRunning(true, *local*)
2022-05-13 15:41:22,948 INFO o.a.j.e.StandardJMeterEngine: Starting ThreadGroup: 1 : Include Thread Group
2022-05-13 15:41:22,948 INFO o.a.j.e.StandardJMeterEngine: Starting 1 threads for group Include Thread Group.
2022-05-13 15:41:22,948 INFO o.a.j.e.StandardJMeterEngine: Thread will continue on error
2022-05-13 15:41:22,948 INFO o.a.j.t.ThreadGroup: Starting thread group... number=1 threads=1 ramp-up=1 delayedStart=false
2022-05-13 15:41:22,949 INFO o.a.j.c.IncludeController: loadIncludedElements -- try to load included module: C:\apache-jmeter-5.4.3\bin\Module Thread Group.jmx
2022-05-13 15:41:22,949 INFO o.a.j.s.SaveService: Loading file: C:\apache-jmeter-5.4.3\bin\Module Thread Group.jmx
2022-05-13 15:41:22,966 WARN o.a.j.c.IncludeController: No Test Fragment was found in included Test Plan, returning empty HashTree
2022-05-13 15:41:22,967 INFO o.a.j.t.ThreadGroup: Started thread group number 1
2022-05-13 15:41:22,967 INFO o.a.j.e.StandardJMeterEngine: All thread groups have been started
2022-05-13 15:41:22,968 INFO o.a.j.t.JMeterThread: Thread started: Include Thread Group 1-1
2022-05-13 15:41:24,562 INFO o.a.j.t.JMeterThread: Thread is done: Include Thread Group 1-1
2022-05-13 15:41:24,562 INFO o.a.j.t.JMeterThread: Thread finished: Include Thread Group 1-1
2022-05-13 15:41:24,563 INFO o.a.j.e.StandardJMeterEngine: Notifying test listeners of end of test
2022-05-13 15:41:24,564 INFO o.a.j.g.u.JMeterMenuBar: setRunning(false, *local*)
2022-05-13 15:41:36,618 INFO o.a.j.g.a.Load: Loading file: C:\apache-jmeter-5.4.3\bin\Interleave Thread Group.jmx
2022-05-13 15:41:36,619 INFO o.a.j.s.FileServer: Set new base='C:\apache-jmeter-5.4.3\bin'
2022-05-13 15:41:36,619 INFO o.a.j.s.SaveService: Loading file: C:\apache-jmeter-5.4.3\bin\Interleave Thread Group.jmx
2022-05-13 15:41:36,742 INFO o.a.j.s.FileServer: Set new base='C:\apache-jmeter-5.4.3\bin'
2022-05-13 15:41:40,221 INFO o.a.j.e.StandardJMeterEngine: Running the test!
2022-05-13 15:41:40,222 INFO o.a.j.s.SampleEvent: List of sample_variables: []
2022-05-13 15:41:40,224 INFO o.a.j.g.u.JMeterMenuBar: setRunning(true, *local*)
2022-05-13 15:41:40,239 INFO o.a.j.e.StandardJMeterEngine: Starting ThreadGroup: 1 : Interleave Thread Group
2022-05-13 15:41:40,245 INFO o.a.j.e.StandardJMeterEngine: Starting 1 threads for group Interleave Thread Group.
2022-05-13 15:41:40,249 INFO o.a.j.e.StandardJMeterEngine: Thread will continue on error
2022-05-13 15:41:40,250 INFO o.a.j.t.ThreadGroup: Starting thread group... number=1 threads=1 ramp-up=1 delayedStart=false
2022-05-13 15:41:40,251 INFO o.a.j.t.ThreadGroup: Started thread group number 1
2022-05-13 15:41:40,252 INFO o.a.j.e.StandardJMeterEngine: All thread groups have been started
2022-05-13 15:41:40,258 INFO o.a.j.t.JMeterThread: Thread started: Interleave Thread Group 1-1
2022-05-13 15:41:40,262 INFO o.a.j.p.h.s.h.LazyLayeredConnectionSocketFactory: Setting up HTTPS TrustAll Socket Factory
2022-05-13 15:41:40,266 INFO o.a.j.u.JsseSSLManager: Using default SSL protocol: TLS
2022-05-13 15:41:40,266 INFO o.a.j.u.JsseSSLManager: SSL session context: per-thread
2022-05-13 15:41:40,306 INFO o.a.j.u.SSLManager: JmeterKeyStore Location:  type JKS
2022-05-13 15:41:40,307 INFO o.a.j.u.SSLManager: KeyStore created OK
2022-05-13 15:41:40,307 WARN o.a.j.u.SSLManager: Keystore file not found, loading empty keystore
2022-05-13 15:41:57,491 INFO o.a.j.t.JMeterThread: Thread is done: Interleave Thread Group 1-1
2022-05-13 15:41:57,492 INFO o.a.j.t.JMeterThread: Thread finished: Interleave Thread Group 1-1
2022-05-13 15:41:57,495 INFO o.a.j.e.StandardJMeterEngine: Notifying test listeners of end of test
2022-05-13 15:41:57,495 INFO o.a.j.g.u.JMeterMenuBar: setRunning(false, *local*)
2022-05-13 15:42:06,822 INFO o.a.j.g.a.Load: Loading file: C:\apache-jmeter-5.4.3\bin\JDBC Connection Configuration.jmx
2022-05-13 15:42:06,823 INFO o.a.j.s.FileServer: Set new base='C:\apache-jmeter-5.4.3\bin'
2022-05-13 15:42:06,823 INFO o.a.j.s.SaveService: Loading file: C:\apache-jmeter-5.4.3\bin\JDBC Connection Configuration.jmx
2022-05-13 15:42:07,068 INFO o.a.j.s.FileServer: Set new base='C:\apache-jmeter-5.4.3\bin'
2022-05-13 15:42:17,302 INFO o.a.j.e.StandardJMeterEngine: Running the test!
2022-05-13 15:42:17,302 INFO o.a.j.s.SampleEvent: List of sample_variables: []
2022-05-13 15:42:17,319 INFO o.a.j.g.u.JMeterMenuBar: setRunning(true, *local*)
2022-05-13 15:42:17,478 INFO o.a.j.e.StandardJMeterEngine: Starting ThreadGroup: 1 : JDBCThread Group
2022-05-13 15:42:17,478 INFO o.a.j.e.StandardJMeterEngine: Starting 100 threads for group JDBCThread Group.
2022-05-13 15:42:17,478 INFO o.a.j.e.StandardJMeterEngine: Thread will continue on error
2022-05-13 15:42:17,478 INFO o.a.j.t.ThreadGroup: Starting thread group... number=1 threads=100 ramp-up=1 delayedStart=false
2022-05-13 15:42:17,481 INFO o.a.j.t.JMeterThread: Thread started: JDBCThread Group 1-1
2022-05-13 15:42:17,492 INFO o.a.j.t.JMeterThread: Thread started: JDBCThread Group 1-2
2022-05-13 15:42:17,503 INFO o.a.j.t.JMeterThread: Thread started: JDBCThread Group 1-3
2022-05-13 15:42:17,516 INFO o.a.j.t.JMeterThread: Thread started: JDBCThread Group 1-4
2022-05-13 15:42:17,525 INFO o.a.j.t.JMeterThread: Thread started: JDBCThread Group 1-5
2022-05-13 15:42:17,526 INFO o.a.j.t.ThreadGroup: Started thread group number 1
2022-05-13 15:42:17,526 INFO o.a.j.e.StandardJMeterEngine: All thread groups have been started
2022-05-13 15:42:17,531 INFO o.a.j.t.JMeterThread: Thread started: JDBCThread Group 1-6
2022-05-13 15:42:17,542 INFO o.a.j.t.JMeterThread: Thread started: JDBCThread Group 1-7
2022-05-13 15:42:17,553 INFO o.a.j.t.JMeterThread: Thread started: JDBCThread Group 1-8
2022-05-13 15:42:17,561 INFO o.a.j.t.JMeterThread: Thread started: JDBCThread Group 1-9
2022-05-13 15:42:17,573 INFO o.a.j.t.JMeterThread: Thread started: JDBCThread Group 1-10
2022-05-13 15:42:17,584 INFO o.a.j.t.JMeterThread: Thread started: JDBCThread Group 1-11
2022-05-13 15:42:17,591 INFO o.a.j.t.JMeterThread: Thread started: JDBCThread Group 1-12
2022-05-13 15:42:17,600 INFO o.a.j.t.JMeterThread: Thread started: JDBCThread Group 1-13
2022-05-13 15:42:17,609 INFO o.a.j.t.JMeterThread: Thread started: JDBCThread Group 1-14
2022-05-13 15:42:17,618 INFO o.a.j.t.JMeterThread: Thread started: JDBCThread Group 1-15
2022-05-13 15:42:17,628 INFO o.a.j.t.JMeterThread: Thread started: JDBCThread Group 1-16
2022-05-13 15:42:17,639 INFO o.a.j.t.JMeterThread: Thread started: JDBCThread Group 1-17
2022-05-13 15:42:17,649 INFO o.a.j.t.JMeterThread: Thread started: JDBCThread Group 1-18
2022-05-13 15:42:17,659 INFO o.a.j.t.JMeterThread: Thread started: JDBCThread Group 1-19
2022-05-13 15:42:17,670 INFO o.a.j.t.JMeterThread: Thread started: JDBCThread Group 1-20
2022-05-13 15:42:17,680 INFO o.a.j.t.JMeterThread: Thread started: JDBCThread Group 1-21
2022-05-13 15:42:17,688 INFO o.a.j.t.JMeterThread: Thread started: JDBCThread Group 1-22
2022-05-13 15:42:17,699 INFO o.a.j.t.JMeterThread: Thread started: JDBCThread Group 1-23
2022-05-13 15:42:17,710 INFO o.a.j.t.JMeterThread: Thread started: JDBCThread Group 1-24
2022-05-13 15:42:17,719 INFO o.a.j.t.JMeterThread: Thread started: JDBCThread Group 1-25
2022-05-13 15:42:17,729 INFO o.a.j.t.JMeterThread: Thread started: JDBCThread Group 1-26
2022-05-13 15:42:17,739 INFO o.a.j.t.JMeterThread: Thread started: JDBCThread Group 1-27
2022-05-13 15:42:17,750 INFO o.a.j.t.JMeterThread: Thread started: JDBCThread Group 1-28
2022-05-13 15:42:17,758 INFO o.a.j.t.JMeterThread: Thread started: JDBCThread Group 1-29
2022-05-13 15:42:17,769 INFO o.a.j.t.JMeterThread: Thread started: JDBCThread Group 1-30
2022-05-13 15:42:17,780 INFO o.a.j.t.JMeterThread: Thread started: JDBCThread Group 1-31
2022-05-13 15:42:17,789 INFO o.a.j.t.JMeterThread: Thread started: JDBCThread Group 1-32
2022-05-13 15:42:17,799 INFO o.a.j.t.JMeterThread: Thread started: JDBCThread Group 1-33
2022-05-13 15:42:17,809 INFO o.a.j.t.JMeterThread: Thread started: JDBCThread Group 1-34
2022-05-13 15:42:17,820 INFO o.a.j.t.JMeterThread: Thread started: JDBCThread Group 1-35
2022-05-13 15:42:17,828 INFO o.a.j.t.JMeterThread: Thread started: JDBCThread Group 1-36
2022-05-13 15:42:17,861 INFO o.a.j.t.JMeterThread: Thread started: JDBCThread Group 1-37
2022-05-13 15:42:17,863 INFO o.a.j.t.JMeterThread: Thread started: JDBCThread Group 1-38
2022-05-13 15:42:17,883 INFO o.a.j.t.JMeterThread: Thread started: JDBCThread Group 1-39
2022-05-13 15:42:17,889 INFO o.a.j.t.JMeterThread: Thread started: JDBCThread Group 1-40
2022-05-13 15:42:17,900 INFO o.a.j.t.JMeterThread: Thread started: JDBCThread Group 1-43
2022-05-13 15:42:17,909 INFO o.a.j.t.JMeterThread: Thread started: JDBCThread Group 1-44
2022-05-13 15:42:17,909 INFO o.a.j.t.JMeterThread: Thread started: JDBCThread Group 1-41
2022-05-13 15:42:17,893 INFO o.a.j.t.JMeterThread: Thread started: JDBCThread Group 1-42
2022-05-13 15:42:17,919 INFO o.a.j.t.JMeterThread: Thread started: JDBCThread Group 1-45
2022-05-13 15:42:17,929 INFO o.a.j.t.JMeterThread: Thread started: JDBCThread Group 1-46
2022-05-13 15:42:17,940 INFO o.a.j.t.JMeterThread: Thread started: JDBCThread Group 1-47
2022-05-13 15:42:17,949 INFO o.a.j.t.JMeterThread: Thread started: JDBCThread Group 1-48
2022-05-13 15:42:17,960 INFO o.a.j.t.JMeterThread: Thread started: JDBCThread Group 1-49
2022-05-13 15:42:17,970 INFO o.a.j.t.JMeterThread: Thread started: JDBCThread Group 1-50
2022-05-13 15:42:17,979 INFO o.a.j.t.JMeterThread: Thread started: JDBCThread Group 1-51
2022-05-13 15:42:17,989 INFO o.a.j.t.JMeterThread: Thread started: JDBCThread Group 1-52
2022-05-13 15:42:18,000 INFO o.a.j.t.JMeterThread: Thread started: JDBCThread Group 1-53
2022-05-13 15:42:18,019 INFO o.a.j.t.JMeterThread: Thread started: JDBCThread Group 1-55
2022-05-13 15:42:18,033 INFO o.a.j.t.JMeterThread: Thread started: JDBCThread Group 1-56
2022-05-13 15:42:18,035 INFO o.a.j.t.JMeterThread: Thread started: JDBCThread Group 1-54
2022-05-13 15:42:18,043 INFO o.a.j.t.JMeterThread: Thread started: JDBCThread Group 1-57
2022-05-13 15:42:18,059 INFO o.a.j.t.JMeterThread: Thread started: JDBCThread Group 1-59
2022-05-13 15:42:18,065 INFO o.a.j.t.JMeterThread: Thread started: JDBCThread Group 1-58
2022-05-13 15:42:18,069 INFO o.a.j.t.JMeterThread: Thread started: JDBCThread Group 1-60
2022-05-13 15:42:18,098 INFO o.a.j.t.JMeterThread: Thread started: JDBCThread Group 1-63
2022-05-13 15:42:18,109 INFO o.a.j.t.JMeterThread: Thread started: JDBCThread Group 1-64
2022-05-13 15:42:18,122 INFO o.a.j.t.JMeterThread: Thread started: JDBCThread Group 1-61
2022-05-13 15:42:18,123 INFO o.a.j.t.JMeterThread: Thread started: JDBCThread Group 1-62
2022-05-13 15:42:18,131 INFO o.a.j.t.JMeterThread: Thread started: JDBCThread Group 1-65
2022-05-13 15:42:18,131 INFO o.a.j.t.JMeterThread: Thread started: JDBCThread Group 1-66
2022-05-13 15:42:18,139 INFO o.a.j.t.JMeterThread: Thread started: JDBCThread Group 1-67
2022-05-13 15:42:18,150 INFO o.a.j.t.JMeterThread: Thread started: JDBCThread Group 1-68
2022-05-13 15:42:18,160 INFO o.a.j.t.JMeterThread: Thread started: JDBCThread Group 1-69
2022-05-13 15:42:18,170 INFO o.a.j.t.JMeterThread: Thread started: JDBCThread Group 1-70
2022-05-13 15:42:18,185 INFO o.a.j.t.JMeterThread: Thread started: JDBCThread Group 1-71
2022-05-13 15:42:18,191 INFO o.a.j.t.JMeterThread: Thread started: JDBCThread Group 1-72
2022-05-13 15:42:18,220 INFO o.a.j.t.JMeterThread: Thread started: JDBCThread Group 1-75
2022-05-13 15:42:18,230 INFO o.a.j.t.JMeterThread: Thread started: JDBCThread Group 1-76
2022-05-13 15:42:18,239 INFO o.a.j.t.JMeterThread: Thread started: JDBCThread Group 1-74
2022-05-13 15:42:18,257 INFO o.a.j.t.JMeterThread: Thread started: JDBCThread Group 1-73
2022-05-13 15:42:18,259 INFO o.a.j.t.JMeterThread: Thread started: JDBCThread Group 1-79
2022-05-13 15:42:18,269 INFO o.a.j.t.JMeterThread: Thread started: JDBCThread Group 1-80
2022-05-13 15:42:18,273 INFO o.a.j.t.JMeterThread: Thread started: JDBCThread Group 1-77
2022-05-13 15:42:18,273 INFO o.a.j.t.JMeterThread: Thread started: JDBCThread Group 1-78
2022-05-13 15:42:18,280 INFO o.a.j.t.JMeterThread: Thread started: JDBCThread Group 1-81
2022-05-13 15:42:18,290 INFO o.a.j.t.JMeterThread: Thread started: JDBCThread Group 1-82
2022-05-13 15:42:18,339 INFO o.a.j.t.JMeterThread: Thread started: JDBCThread Group 1-83
2022-05-13 15:42:18,341 INFO o.a.j.t.JMeterThread: Thread started: JDBCThread Group 1-87
2022-05-13 15:42:18,364 INFO o.a.j.t.JMeterThread: Thread started: JDBCThread Group 1-88
2022-05-13 15:42:18,375 INFO o.a.j.t.JMeterThread: Thread started: JDBCThread Group 1-90
2022-05-13 15:42:18,378 INFO o.a.j.t.JMeterThread: Thread started: JDBCThread Group 1-85
2022-05-13 15:42:18,380 INFO o.a.j.t.JMeterThread: Thread started: JDBCThread Group 1-86
2022-05-13 15:42:18,381 INFO o.a.j.t.JMeterThread: Thread started: JDBCThread Group 1-89
2022-05-13 15:42:18,389 INFO o.a.j.t.JMeterThread: Thread started: JDBCThread Group 1-92
2022-05-13 15:42:18,403 INFO o.a.j.t.JMeterThread: Thread started: JDBCThread Group 1-91
2022-05-13 15:42:18,407 INFO o.a.j.t.JMeterThread: Thread started: JDBCThread Group 1-84
2022-05-13 15:42:18,418 INFO o.a.j.t.JMeterThread: Thread started: JDBCThread Group 1-93
2022-05-13 15:42:18,431 INFO o.a.j.t.JMeterThread: Thread started: JDBCThread Group 1-96
2022-05-13 15:42:18,440 INFO o.a.j.t.JMeterThread: Thread started: JDBCThread Group 1-97
2022-05-13 15:42:18,474 INFO o.a.j.t.JMeterThread: Thread started: JDBCThread Group 1-100
2022-05-13 15:42:18,636 INFO o.a.j.t.JMeterThread: Thread started: JDBCThread Group 1-99
2022-05-13 15:42:18,636 INFO o.a.j.t.JMeterThread: Thread started: JDBCThread Group 1-98
2022-05-13 15:42:18,636 INFO o.a.j.t.JMeterThread: Thread started: JDBCThread Group 1-94
2022-05-13 15:42:18,636 INFO o.a.j.t.JMeterThread: Thread started: JDBCThread Group 1-95
2022-05-13 15:42:19,215 INFO o.a.j.t.JMeterThread: Thread is done: JDBCThread Group 1-61
2022-05-13 15:42:19,215 INFO o.a.j.t.JMeterThread: Thread is done: JDBCThread Group 1-5
2022-05-13 15:42:19,215 INFO o.a.j.t.JMeterThread: Thread is done: JDBCThread Group 1-37
2022-05-13 15:42:19,215 INFO o.a.j.t.JMeterThread: Thread is done: JDBCThread Group 1-60
2022-05-13 15:42:19,215 INFO o.a.j.t.JMeterThread: Thread finished: JDBCThread Group 1-5
2022-05-13 15:42:19,215 INFO o.a.j.t.JMeterThread: Thread finished: JDBCThread Group 1-61
2022-05-13 15:42:19,215 INFO o.a.j.t.JMeterThread: Thread finished: JDBCThread Group 1-37
2022-05-13 15:42:19,215 INFO o.a.j.t.JMeterThread: Thread finished: JDBCThread Group 1-60
2022-05-13 15:42:19,218 INFO o.a.j.t.JMeterThread: Thread is done: JDBCThread Group 1-31
2022-05-13 15:42:19,218 INFO o.a.j.t.JMeterThread: Thread finished: JDBCThread Group 1-31
2022-05-13 15:42:19,243 INFO o.a.j.t.JMeterThread: Thread is done: JDBCThread Group 1-50
2022-05-13 15:42:19,243 INFO o.a.j.t.JMeterThread: Thread is done: JDBCThread Group 1-22
2022-05-13 15:42:19,244 INFO o.a.j.t.JMeterThread: Thread finished: JDBCThread Group 1-50
2022-05-13 15:42:19,244 INFO o.a.j.t.JMeterThread: Thread finished: JDBCThread Group 1-22
2022-05-13 15:42:19,248 INFO o.a.j.t.JMeterThread: Thread is done: JDBCThread Group 1-30
2022-05-13 15:42:19,248 INFO o.a.j.t.JMeterThread: Thread finished: JDBCThread Group 1-30
2022-05-13 15:42:19,255 INFO o.a.j.t.JMeterThread: Thread is done: JDBCThread Group 1-82
2022-05-13 15:42:19,255 INFO o.a.j.t.JMeterThread: Thread is done: JDBCThread Group 1-59
2022-05-13 15:42:19,255 INFO o.a.j.t.JMeterThread: Thread finished: JDBCThread Group 1-82
2022-05-13 15:42:19,255 INFO o.a.j.t.JMeterThread: Thread is done: JDBCThread Group 1-55
2022-05-13 15:42:19,255 INFO o.a.j.t.JMeterThread: Thread finished: JDBCThread Group 1-55
2022-05-13 15:42:19,256 INFO o.a.j.t.JMeterThread: Thread finished: JDBCThread Group 1-59
2022-05-13 15:42:19,257 INFO o.a.j.t.JMeterThread: Thread is done: JDBCThread Group 1-97
2022-05-13 15:42:19,257 INFO o.a.j.t.JMeterThread: Thread finished: JDBCThread Group 1-97
2022-05-13 15:42:19,526 INFO o.a.j.t.JMeterThread: Thread is done: JDBCThread Group 1-86
2022-05-13 15:42:19,527 INFO o.a.j.t.JMeterThread: Thread finished: JDBCThread Group 1-86
2022-05-13 15:42:19,530 INFO o.a.j.t.JMeterThread: Thread is done: JDBCThread Group 1-66
2022-05-13 15:42:19,530 INFO o.a.j.t.JMeterThread: Thread is done: JDBCThread Group 1-99
2022-05-13 15:42:19,531 INFO o.a.j.t.JMeterThread: Thread finished: JDBCThread Group 1-99
2022-05-13 15:42:19,530 INFO o.a.j.t.JMeterThread: Thread finished: JDBCThread Group 1-66
2022-05-13 15:42:19,534 INFO o.a.j.t.JMeterThread: Thread is done: JDBCThread Group 1-63
2022-05-13 15:42:19,534 INFO o.a.j.t.JMeterThread: Thread is done: JDBCThread Group 1-85
2022-05-13 15:42:19,534 INFO o.a.j.t.JMeterThread: Thread finished: JDBCThread Group 1-63
2022-05-13 15:42:19,534 INFO o.a.j.t.JMeterThread: Thread finished: JDBCThread Group 1-85
2022-05-13 15:42:19,536 INFO o.a.j.t.JMeterThread: Thread is done: JDBCThread Group 1-44
2022-05-13 15:42:19,536 INFO o.a.j.t.JMeterThread: Thread finished: JDBCThread Group 1-44
2022-05-13 15:42:19,539 INFO o.a.j.t.JMeterThread: Thread is done: JDBCThread Group 1-32
2022-05-13 15:42:19,541 INFO o.a.j.t.JMeterThread: Thread is done: JDBCThread Group 1-3
2022-05-13 15:42:19,542 INFO o.a.j.t.JMeterThread: Thread finished: JDBCThread Group 1-3
2022-05-13 15:42:19,542 INFO o.a.j.t.JMeterThread: Thread is done: JDBCThread Group 1-56
2022-05-13 15:42:19,542 INFO o.a.j.t.JMeterThread: Thread is done: JDBCThread Group 1-79
2022-05-13 15:42:19,542 INFO o.a.j.t.JMeterThread: Thread is done: JDBCThread Group 1-73
2022-05-13 15:42:19,542 INFO o.a.j.t.JMeterThread: Thread is done: JDBCThread Group 1-54
2022-05-13 15:42:19,542 INFO o.a.j.t.JMeterThread: Thread finished: JDBCThread Group 1-56
2022-05-13 15:42:19,543 INFO o.a.j.t.JMeterThread: Thread is done: JDBCThread Group 1-94
2022-05-13 15:42:19,542 INFO o.a.j.t.JMeterThread: Thread is done: JDBCThread Group 1-29
2022-05-13 15:42:19,543 INFO o.a.j.t.JMeterThread: Thread finished: JDBCThread Group 1-94
2022-05-13 15:42:19,543 INFO o.a.j.t.JMeterThread: Thread is done: JDBCThread Group 1-28
2022-05-13 15:42:19,542 INFO o.a.j.t.JMeterThread: Thread finished: JDBCThread Group 1-73
2022-05-13 15:42:19,542 INFO o.a.j.t.JMeterThread: Thread finished: JDBCThread Group 1-54
2022-05-13 15:42:19,543 INFO o.a.j.t.JMeterThread: Thread finished: JDBCThread Group 1-29
2022-05-13 15:42:19,543 INFO o.a.j.t.JMeterThread: Thread finished: JDBCThread Group 1-28
2022-05-13 15:42:19,543 INFO o.a.j.t.JMeterThread: Thread finished: JDBCThread Group 1-79
2022-05-13 15:42:19,543 INFO o.a.j.t.JMeterThread: Thread is done: JDBCThread Group 1-52
2022-05-13 15:42:19,543 INFO o.a.j.t.JMeterThread: Thread is done: JDBCThread Group 1-39
2022-05-13 15:42:19,543 INFO o.a.j.t.JMeterThread: Thread finished: JDBCThread Group 1-52
2022-05-13 15:42:19,543 INFO o.a.j.t.JMeterThread: Thread finished: JDBCThread Group 1-39
2022-05-13 15:42:19,543 INFO o.a.j.t.JMeterThread: Thread is done: JDBCThread Group 1-72
2022-05-13 15:42:19,543 INFO o.a.j.t.JMeterThread: Thread is done: JDBCThread Group 1-20
2022-05-13 15:42:19,544 INFO o.a.j.t.JMeterThread: Thread finished: JDBCThread Group 1-72
2022-05-13 15:42:19,544 INFO o.a.j.t.JMeterThread: Thread is done: JDBCThread Group 1-9
2022-05-13 15:42:19,544 INFO o.a.j.t.JMeterThread: Thread is done: JDBCThread Group 1-34
2022-05-13 15:42:19,544 INFO o.a.j.t.JMeterThread: Thread finished: JDBCThread Group 1-20
2022-05-13 15:42:19,544 INFO o.a.j.t.JMeterThread: Thread finished: JDBCThread Group 1-34
2022-05-13 15:42:19,544 INFO o.a.j.t.JMeterThread: Thread is done: JDBCThread Group 1-68
2022-05-13 15:42:19,544 INFO o.a.j.t.JMeterThread: Thread finished: JDBCThread Group 1-68
2022-05-13 15:42:19,545 INFO o.a.j.t.JMeterThread: Thread is done: JDBCThread Group 1-96
2022-05-13 15:42:19,545 INFO o.a.j.t.JMeterThread: Thread finished: JDBCThread Group 1-96
2022-05-13 15:42:19,544 INFO o.a.j.t.JMeterThread: Thread is done: JDBCThread Group 1-69
2022-05-13 15:42:19,545 INFO o.a.j.t.JMeterThread: Thread finished: JDBCThread Group 1-69
2022-05-13 15:42:19,546 INFO o.a.j.t.JMeterThread: Thread is done: JDBCThread Group 1-21
2022-05-13 15:42:19,546 INFO o.a.j.t.JMeterThread: Thread finished: JDBCThread Group 1-21
2022-05-13 15:42:19,551 INFO o.a.j.t.JMeterThread: Thread is done: JDBCThread Group 1-42
2022-05-13 15:42:19,550 INFO o.a.j.t.JMeterThread: Thread is done: JDBCThread Group 1-80
2022-05-13 15:42:19,551 INFO o.a.j.t.JMeterThread: Thread finished: JDBCThread Group 1-42
2022-05-13 15:42:19,551 INFO o.a.j.t.JMeterThread: Thread is done: JDBCThread Group 1-33
2022-05-13 15:42:19,551 INFO o.a.j.t.JMeterThread: Thread finished: JDBCThread Group 1-80
2022-05-13 15:42:19,551 INFO o.a.j.t.JMeterThread: Thread finished: JDBCThread Group 1-9
2022-05-13 15:42:19,551 INFO o.a.j.t.JMeterThread: Thread finished: JDBCThread Group 1-33
2022-05-13 15:42:19,551 INFO o.a.j.t.JMeterThread: Thread is done: JDBCThread Group 1-57
2022-05-13 15:42:19,552 INFO o.a.j.t.JMeterThread: Thread finished: JDBCThread Group 1-57
2022-05-13 15:42:19,550 INFO o.a.j.t.JMeterThread: Thread is done: JDBCThread Group 1-41
2022-05-13 15:42:19,552 INFO o.a.j.t.JMeterThread: Thread finished: JDBCThread Group 1-41
2022-05-13 15:42:19,550 INFO o.a.j.t.JMeterThread: Thread is done: JDBCThread Group 1-10
2022-05-13 15:42:19,553 INFO o.a.j.t.JMeterThread: Thread finished: JDBCThread Group 1-10
2022-05-13 15:42:19,550 INFO o.a.j.t.JMeterThread: Thread is done: JDBCThread Group 1-25
2022-05-13 15:42:19,553 INFO o.a.j.t.JMeterThread: Thread finished: JDBCThread Group 1-25
2022-05-13 15:42:19,550 INFO o.a.j.t.JMeterThread: Thread is done: JDBCThread Group 1-14
2022-05-13 15:42:19,550 INFO o.a.j.t.JMeterThread: Thread is done: JDBCThread Group 1-23
2022-05-13 15:42:19,550 INFO o.a.j.t.JMeterThread: Thread is done: JDBCThread Group 1-98
2022-05-13 15:42:19,550 INFO o.a.j.t.JMeterThread: Thread is done: JDBCThread Group 1-78
2022-05-13 15:42:19,550 INFO o.a.j.t.JMeterThread: Thread is done: JDBCThread Group 1-93
2022-05-13 15:42:19,553 INFO o.a.j.t.JMeterThread: Thread finished: JDBCThread Group 1-98
2022-05-13 15:42:19,553 INFO o.a.j.t.JMeterThread: Thread finished: JDBCThread Group 1-78
2022-05-13 15:42:19,553 INFO o.a.j.t.JMeterThread: Thread finished: JDBCThread Group 1-93
2022-05-13 15:42:19,550 INFO o.a.j.t.JMeterThread: Thread is done: JDBCThread Group 1-2
2022-05-13 15:42:19,554 INFO o.a.j.t.JMeterThread: Thread finished: JDBCThread Group 1-2
2022-05-13 15:42:19,550 INFO o.a.j.t.JMeterThread: Thread is done: JDBCThread Group 1-17
2022-05-13 15:42:19,549 INFO o.a.j.t.JMeterThread: Thread is done: JDBCThread Group 1-48
2022-05-13 15:42:19,549 INFO o.a.j.t.JMeterThread: Thread is done: JDBCThread Group 1-11
2022-05-13 15:42:19,554 INFO o.a.j.t.JMeterThread: Thread finished: JDBCThread Group 1-17
2022-05-13 15:42:19,554 INFO o.a.j.t.JMeterThread: Thread finished: JDBCThread Group 1-48
2022-05-13 15:42:19,554 INFO o.a.j.t.JMeterThread: Thread finished: JDBCThread Group 1-11
2022-05-13 15:42:19,549 INFO o.a.j.t.JMeterThread: Thread is done: JDBCThread Group 1-87
2022-05-13 15:42:19,554 INFO o.a.j.t.JMeterThread: Thread finished: JDBCThread Group 1-87
2022-05-13 15:42:19,549 INFO o.a.j.t.JMeterThread: Thread is done: JDBCThread Group 1-88
2022-05-13 15:42:19,554 INFO o.a.j.t.JMeterThread: Thread finished: JDBCThread Group 1-88
2022-05-13 15:42:19,549 INFO o.a.j.t.JMeterThread: Thread is done: JDBCThread Group 1-91
2022-05-13 15:42:19,549 INFO o.a.j.t.JMeterThread: Thread is done: JDBCThread Group 1-77
2022-05-13 15:42:19,555 INFO o.a.j.t.JMeterThread: Thread finished: JDBCThread Group 1-91
2022-05-13 15:42:19,555 INFO o.a.j.t.JMeterThread: Thread finished: JDBCThread Group 1-77
2022-05-13 15:42:19,549 INFO o.a.j.t.JMeterThread: Thread is done: JDBCThread Group 1-84
2022-05-13 15:42:19,548 INFO o.a.j.t.JMeterThread: Thread is done: JDBCThread Group 1-8
2022-05-13 15:42:19,555 INFO o.a.j.t.JMeterThread: Thread finished: JDBCThread Group 1-84
2022-05-13 15:42:19,555 INFO o.a.j.t.JMeterThread: Thread finished: JDBCThread Group 1-8
2022-05-13 15:42:19,545 INFO o.a.j.t.JMeterThread: Thread is done: JDBCThread Group 1-15
2022-05-13 15:42:19,545 INFO o.a.j.t.JMeterThread: Thread is done: JDBCThread Group 1-81
2022-05-13 15:42:19,553 INFO o.a.j.t.JMeterThread: Thread finished: JDBCThread Group 1-23
2022-05-13 15:42:19,555 INFO o.a.j.t.JMeterThread: Thread finished: JDBCThread Group 1-15
2022-05-13 15:42:19,555 INFO o.a.j.t.JMeterThread: Thread finished: JDBCThread Group 1-81
2022-05-13 15:42:19,553 INFO o.a.j.t.JMeterThread: Thread finished: JDBCThread Group 1-14
2022-05-13 15:42:19,553 INFO o.a.j.t.JMeterThread: Thread is done: JDBCThread Group 1-4
2022-05-13 15:42:19,546 INFO o.a.j.t.JMeterThread: Thread finished: JDBCThread Group 1-32
2022-05-13 15:42:19,551 INFO o.a.j.t.JMeterThread: Thread is done: JDBCThread Group 1-12
2022-05-13 15:42:19,551 INFO o.a.j.t.JMeterThread: Thread is done: JDBCThread Group 1-75
2022-05-13 15:42:19,551 INFO o.a.j.t.JMeterThread: Thread is done: JDBCThread Group 1-51
2022-05-13 15:42:19,556 INFO o.a.j.t.JMeterThread: Thread finished: JDBCThread Group 1-12
2022-05-13 15:42:19,556 INFO o.a.j.t.JMeterThread: Thread finished: JDBCThread Group 1-75
2022-05-13 15:42:19,556 INFO o.a.j.t.JMeterThread: Thread finished: JDBCThread Group 1-51
2022-05-13 15:42:19,556 INFO o.a.j.t.JMeterThread: Thread finished: JDBCThread Group 1-4
2022-05-13 15:42:19,559 INFO o.a.j.t.JMeterThread: Thread is done: JDBCThread Group 1-62
2022-05-13 15:42:19,560 INFO o.a.j.t.JMeterThread: Thread finished: JDBCThread Group 1-62
2022-05-13 15:42:19,562 INFO o.a.j.t.JMeterThread: Thread is done: JDBCThread Group 1-92
2022-05-13 15:42:19,562 INFO o.a.j.t.JMeterThread: Thread finished: JDBCThread Group 1-92
2022-05-13 15:42:19,563 INFO o.a.j.t.JMeterThread: Thread is done: JDBCThread Group 1-49
2022-05-13 15:42:19,563 INFO o.a.j.t.JMeterThread: Thread finished: JDBCThread Group 1-49
2022-05-13 15:42:19,567 INFO o.a.j.t.JMeterThread: Thread is done: JDBCThread Group 1-64
2022-05-13 15:42:19,567 INFO o.a.j.t.JMeterThread: Thread finished: JDBCThread Group 1-64
2022-05-13 15:42:19,568 INFO o.a.j.t.JMeterThread: Thread is done: JDBCThread Group 1-58
2022-05-13 15:42:19,569 INFO o.a.j.t.JMeterThread: Thread finished: JDBCThread Group 1-58
2022-05-13 15:42:19,620 INFO o.a.j.t.JMeterThread: Thread is done: JDBCThread Group 1-70
2022-05-13 15:42:19,621 INFO o.a.j.t.JMeterThread: Thread finished: JDBCThread Group 1-70
2022-05-13 15:42:19,621 INFO o.a.j.t.JMeterThread: Thread is done: JDBCThread Group 1-67
2022-05-13 15:42:19,622 INFO o.a.j.t.JMeterThread: Thread finished: JDBCThread Group 1-67
2022-05-13 15:42:19,627 INFO o.a.j.t.JMeterThread: Thread is done: JDBCThread Group 1-35
2022-05-13 15:42:19,628 INFO o.a.j.t.JMeterThread: Thread finished: JDBCThread Group 1-35
2022-05-13 15:42:19,636 INFO o.a.j.t.JMeterThread: Thread is done: JDBCThread Group 1-46
2022-05-13 15:42:19,636 INFO o.a.j.t.JMeterThread: Thread finished: JDBCThread Group 1-46
2022-05-13 15:42:19,637 INFO o.a.j.t.JMeterThread: Thread is done: JDBCThread Group 1-18
2022-05-13 15:42:19,638 INFO o.a.j.t.JMeterThread: Thread finished: JDBCThread Group 1-18
2022-05-13 15:42:19,641 INFO o.a.j.t.JMeterThread: Thread is done: JDBCThread Group 1-1
2022-05-13 15:42:19,641 INFO o.a.j.t.JMeterThread: Thread finished: JDBCThread Group 1-1
2022-05-13 15:42:19,642 INFO o.a.j.t.JMeterThread: Thread is done: JDBCThread Group 1-65
2022-05-13 15:42:19,643 INFO o.a.j.t.JMeterThread: Thread finished: JDBCThread Group 1-65
2022-05-13 15:42:19,715 INFO o.a.j.t.JMeterThread: Thread is done: JDBCThread Group 1-36
2022-05-13 15:42:19,715 INFO o.a.j.t.JMeterThread: Thread finished: JDBCThread Group 1-36
2022-05-13 15:42:19,718 INFO o.a.j.t.JMeterThread: Thread is done: JDBCThread Group 1-45
2022-05-13 15:42:19,718 INFO o.a.j.t.JMeterThread: Thread finished: JDBCThread Group 1-45
2022-05-13 15:42:19,724 INFO o.a.j.t.JMeterThread: Thread is done: JDBCThread Group 1-24
2022-05-13 15:42:19,724 INFO o.a.j.t.JMeterThread: Thread finished: JDBCThread Group 1-24
2022-05-13 15:42:19,724 INFO o.a.j.t.JMeterThread: Thread is done: JDBCThread Group 1-43
2022-05-13 15:42:19,724 INFO o.a.j.t.JMeterThread: Thread is done: JDBCThread Group 1-83
2022-05-13 15:42:19,724 INFO o.a.j.t.JMeterThread: Thread finished: JDBCThread Group 1-43
2022-05-13 15:42:19,724 INFO o.a.j.t.JMeterThread: Thread finished: JDBCThread Group 1-83
2022-05-13 15:42:19,726 INFO o.a.j.t.JMeterThread: Thread is done: JDBCThread Group 1-16
2022-05-13 15:42:19,727 INFO o.a.j.t.JMeterThread: Thread finished: JDBCThread Group 1-16
2022-05-13 15:42:19,731 INFO o.a.j.t.JMeterThread: Thread is done: JDBCThread Group 1-19
2022-05-13 15:42:19,731 INFO o.a.j.t.JMeterThread: Thread finished: JDBCThread Group 1-19
2022-05-13 15:42:19,731 INFO o.a.j.t.JMeterThread: Thread is done: JDBCThread Group 1-13
2022-05-13 15:42:19,731 INFO o.a.j.t.JMeterThread: Thread finished: JDBCThread Group 1-13
2022-05-13 15:42:19,733 INFO o.a.j.t.JMeterThread: Thread is done: JDBCThread Group 1-74
2022-05-13 15:42:19,733 INFO o.a.j.t.JMeterThread: Thread finished: JDBCThread Group 1-74
2022-05-13 15:42:19,778 INFO o.a.j.t.JMeterThread: Thread is done: JDBCThread Group 1-76
2022-05-13 15:42:19,779 INFO o.a.j.t.JMeterThread: Thread finished: JDBCThread Group 1-76
2022-05-13 15:42:19,789 INFO o.a.j.t.JMeterThread: Thread is done: JDBCThread Group 1-47
2022-05-13 15:42:19,789 INFO o.a.j.t.JMeterThread: Thread finished: JDBCThread Group 1-47
2022-05-13 15:42:19,830 INFO o.a.j.t.JMeterThread: Thread is done: JDBCThread Group 1-71
2022-05-13 15:42:19,831 INFO o.a.j.t.JMeterThread: Thread finished: JDBCThread Group 1-71
2022-05-13 15:42:19,860 INFO o.a.j.t.JMeterThread: Thread is done: JDBCThread Group 1-26
2022-05-13 15:42:19,860 INFO o.a.j.t.JMeterThread: Thread finished: JDBCThread Group 1-26
2022-05-13 15:42:19,862 INFO o.a.j.t.JMeterThread: Thread is done: JDBCThread Group 1-90
2022-05-13 15:42:19,862 INFO o.a.j.t.JMeterThread: Thread finished: JDBCThread Group 1-90
2022-05-13 15:42:19,869 INFO o.a.j.t.JMeterThread: Thread is done: JDBCThread Group 1-40
2022-05-13 15:42:19,869 INFO o.a.j.t.JMeterThread: Thread finished: JDBCThread Group 1-40
2022-05-13 15:42:19,906 INFO o.a.j.t.JMeterThread: Thread is done: JDBCThread Group 1-6
2022-05-13 15:42:19,906 INFO o.a.j.t.JMeterThread: Thread finished: JDBCThread Group 1-6
2022-05-13 15:42:19,914 INFO o.a.j.t.JMeterThread: Thread is done: JDBCThread Group 1-89
2022-05-13 15:42:19,915 INFO o.a.j.t.JMeterThread: Thread finished: JDBCThread Group 1-89
2022-05-13 15:42:19,941 INFO o.a.j.t.JMeterThread: Thread is done: JDBCThread Group 1-38
2022-05-13 15:42:19,941 INFO o.a.j.t.JMeterThread: Thread finished: JDBCThread Group 1-38
2022-05-13 15:42:19,945 INFO o.a.j.t.JMeterThread: Thread is done: JDBCThread Group 1-95
2022-05-13 15:42:19,945 INFO o.a.j.t.JMeterThread: Thread finished: JDBCThread Group 1-95
2022-05-13 15:42:19,946 INFO o.a.j.t.JMeterThread: Thread is done: JDBCThread Group 1-27
2022-05-13 15:42:19,947 INFO o.a.j.t.JMeterThread: Thread finished: JDBCThread Group 1-27
2022-05-13 15:42:19,948 INFO o.a.j.t.JMeterThread: Thread is done: JDBCThread Group 1-7
2022-05-13 15:42:19,949 INFO o.a.j.t.JMeterThread: Thread finished: JDBCThread Group 1-7
2022-05-13 15:42:19,970 INFO o.a.j.t.JMeterThread: Thread is done: JDBCThread Group 1-100
2022-05-13 15:42:19,970 INFO o.a.j.t.JMeterThread: Thread finished: JDBCThread Group 1-100
2022-05-13 15:42:19,984 INFO o.a.j.t.JMeterThread: Thread is done: JDBCThread Group 1-53
2022-05-13 15:42:19,985 INFO o.a.j.t.JMeterThread: Thread finished: JDBCThread Group 1-53
2022-05-13 15:42:19,985 INFO o.a.j.e.StandardJMeterEngine: Notifying test listeners of end of test
2022-05-13 15:42:20,032 INFO o.a.j.g.u.JMeterMenuBar: setRunning(false, *local*)
2022-05-13 15:42:32,179 INFO o.a.j.g.a.Load: Loading file: C:\apache-jmeter-5.4.3\bin\jp@gc - Chrome Driver Config.jmx
2022-05-13 15:42:32,179 INFO o.a.j.s.FileServer: Set new base='C:\apache-jmeter-5.4.3\bin'
2022-05-13 15:42:32,179 INFO o.a.j.s.SaveService: Loading file: C:\apache-jmeter-5.4.3\bin\jp@gc - Chrome Driver Config.jmx
2022-05-13 15:42:32,412 INFO o.a.j.s.FileServer: Set new base='C:\apache-jmeter-5.4.3\bin'
2022-05-13 15:42:35,988 INFO o.a.j.e.StandardJMeterEngine: Running the test!
2022-05-13 15:42:35,988 INFO o.a.j.s.SampleEvent: List of sample_variables: []
2022-05-13 15:42:35,990 INFO o.a.j.g.u.JMeterMenuBar: setRunning(true, *local*)
2022-05-13 15:42:36,022 INFO o.a.j.e.StandardJMeterEngine: Starting ThreadGroup: 1 : WebDriver Thread Group
2022-05-13 15:42:36,023 INFO o.a.j.e.StandardJMeterEngine: Starting 5 threads for group WebDriver Thread Group.
2022-05-13 15:42:36,023 INFO o.a.j.e.StandardJMeterEngine: Thread will continue on error
2022-05-13 15:42:36,023 INFO o.a.j.t.ThreadGroup: Starting thread group... number=1 threads=5 ramp-up=1 delayedStart=false
2022-05-13 15:42:36,034 INFO o.a.j.t.JMeterThread: Thread started: WebDriver Thread Group 1-1
2022-05-13 15:42:36,046 INFO o.a.j.t.ThreadGroup: Started thread group number 1
2022-05-13 15:42:36,046 INFO o.a.j.e.StandardJMeterEngine: All thread groups have been started
2022-05-13 15:42:36,228 INFO o.a.j.t.JMeterThread: Thread started: WebDriver Thread Group 1-2
2022-05-13 15:42:36,428 INFO o.a.j.t.JMeterThread: Thread started: WebDriver Thread Group 1-3
2022-05-13 15:42:36,629 INFO o.a.j.t.JMeterThread: Thread started: WebDriver Thread Group 1-4
2022-05-13 15:42:36,827 INFO o.a.j.t.JMeterThread: Thread started: WebDriver Thread Group 1-5
2022-05-13 15:42:46,326 INFO c.g.j.p.w.s.WebDriverSampler: Sample started
2022-05-13 15:42:46,326 INFO c.g.j.p.w.s.WebDriverSampler: Sample started
2022-05-13 15:42:46,326 INFO c.g.j.p.w.s.WebDriverSampler: Sample started
2022-05-13 15:42:46,793 INFO c.g.j.p.w.s.WebDriverSampler: Sample started
2022-05-13 15:42:49,023 INFO c.g.j.p.w.s.WebDriverSampler: Sample started
2022-05-13 15:42:49,417 INFO c.g.j.p.w.s.WebDriverSampler: Sample ended - navigated to duckduckgo.com
2022-05-13 15:42:49,932 INFO c.g.j.p.w.s.WebDriverSampler: Sample ended - navigated to duckduckgo.com
2022-05-13 15:42:50,103 INFO c.g.j.p.w.s.WebDriverSampler: Sample ended - navigated to duckduckgo.com
2022-05-13 15:42:50,461 INFO c.g.j.p.w.s.WebDriverSampler: Sample ended - navigated to duckduckgo.com
2022-05-13 15:42:50,481 INFO c.g.j.p.w.s.WebDriverSampler: Searched for BlazeMeter
2022-05-13 15:42:50,565 INFO c.g.j.p.w.s.WebDriverSampler: Searched for BlazeMeter
2022-05-13 15:42:50,873 INFO c.g.j.p.w.s.WebDriverSampler: Searched for BlazeMeter
2022-05-13 15:42:51,093 INFO c.g.j.p.w.s.WebDriverSampler: Searched for BlazeMeter
2022-05-13 15:42:52,720 INFO c.g.j.p.w.s.WebDriverSampler: Sample ended - navigated to duckduckgo.com
2022-05-13 15:42:53,316 INFO c.g.j.p.w.s.WebDriverSampler: Clicked on the search button
2022-05-13 15:42:53,322 INFO c.g.j.p.w.s.WebDriverSampler: Clicked on the search button
2022-05-13 15:42:53,405 INFO o.a.j.t.JMeterThread: Thread is done: WebDriver Thread Group 1-5
2022-05-13 15:42:53,405 INFO o.a.j.t.JMeterThread: Thread finished: WebDriver Thread Group 1-5
2022-05-13 15:42:53,407 INFO o.a.j.t.JMeterThread: Thread is done: WebDriver Thread Group 1-2
2022-05-13 15:42:53,408 INFO o.a.j.t.JMeterThread: Thread finished: WebDriver Thread Group 1-2
2022-05-13 15:42:53,598 INFO c.g.j.p.w.s.WebDriverSampler: Searched for BlazeMeter
2022-05-13 15:42:53,617 INFO c.g.j.p.w.s.WebDriverSampler: Clicked on the search button
2022-05-13 15:42:53,719 INFO o.a.j.t.JMeterThread: Thread is done: WebDriver Thread Group 1-3
2022-05-13 15:42:53,719 INFO o.a.j.t.JMeterThread: Thread finished: WebDriver Thread Group 1-3
2022-05-13 15:42:54,001 INFO c.g.j.p.w.s.WebDriverSampler: Clicked on the search button
2022-05-13 15:42:54,128 INFO o.a.j.t.JMeterThread: Thread is done: WebDriver Thread Group 1-4
2022-05-13 15:42:54,129 INFO o.a.j.t.JMeterThread: Thread finished: WebDriver Thread Group 1-4
2022-05-13 15:42:55,117 INFO c.g.j.p.w.s.WebDriverSampler: Clicked on the search button
2022-05-13 15:42:55,172 INFO o.a.j.t.JMeterThread: Thread is done: WebDriver Thread Group 1-1
2022-05-13 15:42:55,172 INFO o.a.j.t.JMeterThread: Thread finished: WebDriver Thread Group 1-1
2022-05-13 15:42:55,816 INFO o.a.j.e.StandardJMeterEngine: Notifying test listeners of end of test
2022-05-13 15:42:55,817 INFO o.a.j.g.u.JMeterMenuBar: setRunning(false, *local*)
2022-05-13 15:43:16,286 INFO o.a.j.g.a.Load: Loading file: C:\apache-jmeter-5.4.3\bin\JUnit Request.jmx
2022-05-13 15:43:16,286 INFO o.a.j.s.FileServer: Set new base='C:\apache-jmeter-5.4.3\bin'
2022-05-13 15:43:16,286 INFO o.a.j.s.SaveService: Loading file: C:\apache-jmeter-5.4.3\bin\JUnit Request.jmx
2022-05-13 15:43:16,430 INFO o.a.j.s.FileServer: Set new base='C:\apache-jmeter-5.4.3\bin'
2022-05-13 15:43:27,302 INFO o.a.j.e.StandardJMeterEngine: Running the test!
2022-05-13 15:43:27,302 INFO o.a.j.s.SampleEvent: List of sample_variables: []
2022-05-13 15:43:27,304 INFO o.a.j.g.u.JMeterMenuBar: setRunning(true, *local*)
2022-05-13 15:43:27,558 INFO o.a.j.e.StandardJMeterEngine: Starting ThreadGroup: 1 : JunitThread Group
2022-05-13 15:43:27,558 INFO o.a.j.e.StandardJMeterEngine: Starting 1 threads for group JunitThread Group.
2022-05-13 15:43:27,559 INFO o.a.j.e.StandardJMeterEngine: Thread will continue on error
2022-05-13 15:43:27,559 INFO o.a.j.t.ThreadGroup: Starting thread group... number=1 threads=1 ramp-up=1 delayedStart=false
2022-05-13 15:43:27,560 INFO o.a.j.t.ThreadGroup: Started thread group number 1
2022-05-13 15:43:27,560 INFO o.a.j.e.StandardJMeterEngine: All thread groups have been started
2022-05-13 15:43:27,560 INFO o.a.j.t.JMeterThread: Thread started: JunitThread Group 1-1
2022-05-13 15:43:27,561 INFO o.a.j.p.j.s.JUnitSampler: Trying to find constructor with one String parameter returned error: test.CalculatorTest.<init>(java.lang.String)
2022-05-13 15:43:27,572 INFO o.a.j.t.JMeterThread: Thread is done: JunitThread Group 1-1
2022-05-13 15:43:27,572 INFO o.a.j.t.JMeterThread: Thread finished: JunitThread Group 1-1
2022-05-13 15:43:27,572 INFO o.a.j.e.StandardJMeterEngine: Notifying test listeners of end of test
2022-05-13 15:43:27,572 INFO o.a.j.g.u.JMeterMenuBar: setRunning(false, *local*)
2022-05-13 15:43:40,763 INFO o.a.j.g.a.Load: Loading file: C:\apache-jmeter-5.4.3\bin\Loop Thread Group.jmx
2022-05-13 15:43:40,764 INFO o.a.j.s.FileServer: Set new base='C:\apache-jmeter-5.4.3\bin'
2022-05-13 15:43:40,764 INFO o.a.j.s.SaveService: Loading file: C:\apache-jmeter-5.4.3\bin\Loop Thread Group.jmx
2022-05-13 15:43:40,876 INFO o.a.j.s.FileServer: Set new base='C:\apache-jmeter-5.4.3\bin'
2022-05-13 15:43:43,947 INFO o.a.j.e.StandardJMeterEngine: Running the test!
2022-05-13 15:43:43,947 INFO o.a.j.s.SampleEvent: List of sample_variables: []
2022-05-13 15:43:43,948 INFO o.a.j.g.u.JMeterMenuBar: setRunning(true, *local*)
2022-05-13 15:43:44,125 INFO o.a.j.e.StandardJMeterEngine: Starting ThreadGroup: 1 : Loop Thread Group
2022-05-13 15:43:44,126 INFO o.a.j.e.StandardJMeterEngine: Starting 1 threads for group Loop Thread Group.
2022-05-13 15:43:44,126 INFO o.a.j.e.StandardJMeterEngine: Thread will continue on error
2022-05-13 15:43:44,126 INFO o.a.j.t.ThreadGroup: Starting thread group... number=1 threads=1 ramp-up=1 delayedStart=false
2022-05-13 15:43:44,126 INFO o.a.j.t.ThreadGroup: Started thread group number 1
2022-05-13 15:43:44,126 INFO o.a.j.e.StandardJMeterEngine: All thread groups have been started
2022-05-13 15:43:44,127 INFO o.a.j.t.JMeterThread: Thread started: Loop Thread Group 1-1
2022-05-13 15:43:55,688 INFO o.a.j.t.JMeterThread: Thread is done: Loop Thread Group 1-1
2022-05-13 15:43:55,688 INFO o.a.j.t.JMeterThread: Thread finished: Loop Thread Group 1-1
2022-05-13 15:43:55,689 INFO o.a.j.e.StandardJMeterEngine: Notifying test listeners of end of test
2022-05-13 15:43:55,689 INFO o.a.j.g.u.JMeterMenuBar: setRunning(false, *local*)
2022-05-13 15:44:10,606 INFO o.a.j.g.a.Load: Loading file: C:\apache-jmeter-5.4.3\bin\Module Thread Group.jmx
2022-05-13 15:44:10,606 INFO o.a.j.s.FileServer: Set new base='C:\apache-jmeter-5.4.3\bin'
2022-05-13 15:44:10,606 INFO o.a.j.s.SaveService: Loading file: C:\apache-jmeter-5.4.3\bin\Module Thread Group.jmx
2022-05-13 15:44:10,740 INFO o.a.j.s.FileServer: Set new base='C:\apache-jmeter-5.4.3\bin'
2022-05-13 15:44:13,920 INFO o.a.j.e.StandardJMeterEngine: Running the test!
2022-05-13 15:44:13,920 INFO o.a.j.s.SampleEvent: List of sample_variables: []
2022-05-13 15:44:13,922 INFO o.a.j.g.u.JMeterMenuBar: setRunning(true, *local*)
2022-05-13 15:44:14,096 INFO o.a.j.e.StandardJMeterEngine: Starting ThreadGroup: 1 : Module Thread Group
2022-05-13 15:44:14,096 INFO o.a.j.e.StandardJMeterEngine: Starting 1 threads for group Module Thread Group.
2022-05-13 15:44:14,097 INFO o.a.j.e.StandardJMeterEngine: Thread will continue on error
2022-05-13 15:44:14,097 INFO o.a.j.t.ThreadGroup: Starting thread group... number=1 threads=1 ramp-up=1 delayedStart=false
2022-05-13 15:44:14,097 INFO o.a.j.t.ThreadGroup: Started thread group number 1
2022-05-13 15:44:14,097 INFO o.a.j.e.StandardJMeterEngine: All thread groups have been started
2022-05-13 15:44:14,098 INFO o.a.j.t.JMeterThread: Thread started: Module Thread Group 1-1
2022-05-13 15:44:19,908 INFO o.a.j.t.JMeterThread: Thread is done: Module Thread Group 1-1
2022-05-13 15:44:19,909 INFO o.a.j.t.JMeterThread: Thread finished: Module Thread Group 1-1
2022-05-13 15:44:19,911 INFO o.a.j.e.StandardJMeterEngine: Notifying test listeners of end of test
2022-05-13 15:44:19,911 INFO o.a.j.g.u.JMeterMenuBar: setRunning(false, *local*)
2022-05-13 15:44:36,370 INFO o.a.j.g.a.Load: Loading file: C:\apache-jmeter-5.4.3\bin\Once Only Thread Group.jmx
2022-05-13 15:44:36,370 INFO o.a.j.s.FileServer: Set new base='C:\apache-jmeter-5.4.3\bin'
2022-05-13 15:44:36,370 INFO o.a.j.s.SaveService: Loading file: C:\apache-jmeter-5.4.3\bin\Once Only Thread Group.jmx
2022-05-13 15:44:36,466 INFO o.a.j.s.FileServer: Set new base='C:\apache-jmeter-5.4.3\bin'
2022-05-13 15:44:40,762 INFO o.a.j.e.StandardJMeterEngine: Running the test!
2022-05-13 15:44:40,763 INFO o.a.j.s.SampleEvent: List of sample_variables: []
2022-05-13 15:44:40,764 INFO o.a.j.g.u.JMeterMenuBar: setRunning(true, *local*)
2022-05-13 15:44:40,950 INFO o.a.j.e.StandardJMeterEngine: Starting ThreadGroup: 1 : Once Only Thread Group
2022-05-13 15:44:40,950 INFO o.a.j.e.StandardJMeterEngine: Starting 1 threads for group Once Only Thread Group.
2022-05-13 15:44:40,950 INFO o.a.j.e.StandardJMeterEngine: Thread will continue on error
2022-05-13 15:44:40,950 INFO o.a.j.t.ThreadGroup: Starting thread group... number=1 threads=1 ramp-up=1 delayedStart=false
2022-05-13 15:44:40,950 INFO o.a.j.t.ThreadGroup: Started thread group number 1
2022-05-13 15:44:40,950 INFO o.a.j.e.StandardJMeterEngine: All thread groups have been started
2022-05-13 15:44:40,951 INFO o.a.j.t.JMeterThread: Thread started: Once Only Thread Group 1-1
2022-05-13 15:44:49,649 INFO o.a.j.t.JMeterThread: Thread is done: Once Only Thread Group 1-1
2022-05-13 15:44:49,649 INFO o.a.j.t.JMeterThread: Thread finished: Once Only Thread Group 1-1
2022-05-13 15:44:49,657 INFO o.a.j.e.StandardJMeterEngine: Notifying test listeners of end of test
2022-05-13 15:44:49,657 INFO o.a.j.g.u.JMeterMenuBar: setRunning(false, *local*)
2022-05-13 15:46:10,232 INFO o.a.j.g.a.Load: Loading file: C:\apache-jmeter-5.4.3\Once Only Thread Group.jmx
2022-05-13 15:46:10,232 INFO o.a.j.s.FileServer: Set new base='C:\apache-jmeter-5.4.3'
2022-05-13 15:46:10,232 INFO o.a.j.s.SaveService: Loading file: C:\apache-jmeter-5.4.3\Once Only Thread Group.jmx
2022-05-13 15:46:10,236 WARN o.j.r.p.TestPlanAnalyzer: Failed read jmx file
java.io.FileNotFoundException: C:\apache-jmeter-5.4.3\Once Only Thread Group.jmx (The system cannot find the file specified)
	at java.io.FileInputStream.open0(Native Method) ~[?:1.8.0_321]
	at java.io.FileInputStream.open(Unknown Source) ~[?:1.8.0_321]
	at java.io.FileInputStream.<init>(Unknown Source) ~[?:1.8.0_321]
	at org.jmeterplugins.repository.plugins.TestPlanAnalyzer.readBytesFromFile(TestPlanAnalyzer.java:68) ~[jmeter-plugins-manager-1.7.jar:?]
	at org.jmeterplugins.repository.plugins.TestPlanAnalyzer.getNodeListWithClassNames(TestPlanAnalyzer.java:111) ~[jmeter-plugins-manager-1.7.jar:?]
	at org.jmeterplugins.repository.plugins.TestPlanAnalyzer.analyze(TestPlanAnalyzer.java:37) ~[jmeter-plugins-manager-1.7.jar:?]
	at org.jmeterplugins.repository.plugins.PluginSuggester.analyzeTestPlan(PluginSuggester.java:51) ~[jmeter-plugins-manager-1.7.jar:?]
	at org.jmeterplugins.repository.plugins.PluginSuggester.findPluginsToInstall(PluginSuggester.java:44) ~[jmeter-plugins-manager-1.7.jar:?]
	at org.jmeterplugins.repository.plugins.PluginSuggester.checkAndSuggest(PluginSuggester.java:28) ~[jmeter-plugins-manager-1.7.jar:?]
	at org.jmeterplugins.repository.logging.LoggerAppender.append(LoggerAppender.java:33) ~[jmeter-plugins-manager-1.7.jar:?]
	at org.apache.logging.log4j.core.config.AppenderControl.tryCallAppender(AppenderControl.java:161) ~[log4j-core-2.17.0.jar:2.17.0]
	at org.apache.logging.log4j.core.config.AppenderControl.callAppender0(AppenderControl.java:134) ~[log4j-core-2.17.0.jar:2.17.0]
	at org.apache.logging.log4j.core.config.AppenderControl.callAppenderPreventRecursion(AppenderControl.java:125) ~[log4j-core-2.17.0.jar:2.17.0]
	at org.apache.logging.log4j.core.config.AppenderControl.callAppender(AppenderControl.java:89) ~[log4j-core-2.17.0.jar:2.17.0]
	at org.apache.logging.log4j.core.config.LoggerConfig.callAppenders(LoggerConfig.java:542) ~[log4j-core-2.17.0.jar:2.17.0]
	at org.apache.logging.log4j.core.config.LoggerConfig.processLogEvent(LoggerConfig.java:500) ~[log4j-core-2.17.0.jar:2.17.0]
	at org.apache.logging.log4j.core.config.LoggerConfig.log(LoggerConfig.java:483) ~[log4j-core-2.17.0.jar:2.17.0]
	at org.apache.logging.log4j.core.config.LoggerConfig.log(LoggerConfig.java:417) ~[log4j-core-2.17.0.jar:2.17.0]
	at org.apache.logging.log4j.core.config.AwaitCompletionReliabilityStrategy.log(AwaitCompletionReliabilityStrategy.java:82) ~[log4j-core-2.17.0.jar:2.17.0]
	at org.apache.logging.log4j.core.Logger.log(Logger.java:161) ~[log4j-core-2.17.0.jar:2.17.0]
	at org.apache.logging.log4j.spi.AbstractLogger.tryLogMessage(AbstractLogger.java:2205) ~[log4j-api-2.17.0.jar:2.17.0]
	at org.apache.logging.log4j.spi.AbstractLogger.logMessageTrackRecursion(AbstractLogger.java:2159) ~[log4j-api-2.17.0.jar:2.17.0]
	at org.apache.logging.log4j.spi.AbstractLogger.logMessageSafely(AbstractLogger.java:2142) ~[log4j-api-2.17.0.jar:2.17.0]
	at org.apache.logging.log4j.spi.AbstractLogger.logMessage(AbstractLogger.java:2034) ~[log4j-api-2.17.0.jar:2.17.0]
	at org.apache.logging.log4j.spi.AbstractLogger.logIfEnabled(AbstractLogger.java:1899) ~[log4j-api-2.17.0.jar:2.17.0]
	at org.apache.logging.slf4j.Log4jLogger.info(Log4jLogger.java:184) ~[log4j-slf4j-impl-2.17.0.jar:2.17.0]
	at org.apache.jmeter.save.SaveService.loadTree(SaveService.java:428) ~[ApacheJMeter_core.jar:5.4.3]
	at org.apache.jmeter.gui.action.Load.loadProjectFile(Load.java:129) ~[ApacheJMeter_core.jar:5.4.3]
	at org.apache.jmeter.gui.action.Load.loadProjectFile(Load.java:101) ~[ApacheJMeter_core.jar:5.4.3]
	at org.apache.jmeter.gui.action.Load.doActionAfterCheck(Load.java:88) ~[ApacheJMeter_core.jar:5.4.3]
	at org.apache.jmeter.gui.action.AbstractActionWithNoRunningTest.doAction(AbstractActionWithNoRunningTest.java:44) ~[ApacheJMeter_core.jar:5.4.3]
	at org.apache.jmeter.gui.action.ActionRouter.performAction(ActionRouter.java:87) ~[ApacheJMeter_core.jar:5.4.3]
	at org.apache.jmeter.gui.action.ActionRouter.lambda$actionPerformed$0(ActionRouter.java:69) ~[ApacheJMeter_core.jar:5.4.3]
	at java.awt.event.InvocationEvent.dispatch(Unknown Source) [?:1.8.0_321]
	at java.awt.EventQueue.dispatchEventImpl(Unknown Source) [?:1.8.0_321]
	at java.awt.EventQueue.access$500(Unknown Source) [?:1.8.0_321]
	at java.awt.EventQueue$3.run(Unknown Source) [?:1.8.0_321]
	at java.awt.EventQueue$3.run(Unknown Source) [?:1.8.0_321]
	at java.security.AccessController.doPrivileged(Native Method) ~[?:1.8.0_321]
	at java.security.ProtectionDomain$JavaSecurityAccessImpl.doIntersectionPrivilege(Unknown Source) [?:1.8.0_321]
	at java.awt.EventQueue.dispatchEvent(Unknown Source) [?:1.8.0_321]
	at java.awt.EventDispatchThread.pumpOneEventForFilters(Unknown Source) [?:1.8.0_321]
	at java.awt.EventDispatchThread.pumpEventsForFilter(Unknown Source) [?:1.8.0_321]
	at java.awt.EventDispatchThread.pumpEventsForHierarchy(Unknown Source) [?:1.8.0_321]
	at java.awt.EventDispatchThread.pumpEvents(Unknown Source) [?:1.8.0_321]
	at java.awt.EventDispatchThread.pumpEvents(Unknown Source) [?:1.8.0_321]
	at java.awt.EventDispatchThread.run(Unknown Source) [?:1.8.0_321]
2022-05-13 15:46:10,244 WARN o.j.r.p.TestPlanAnalyzer: Cannot parse file: C:\apache-jmeter-5.4.3\Once Only Thread Group.jmx
org.xml.sax.SAXParseException: Premature end of file.
	at org.apache.xerces.parsers.DOMParser.parse(Unknown Source) ~[xercesImpl-2.12.0.jar:?]
	at org.apache.xerces.jaxp.DocumentBuilderImpl.parse(Unknown Source) ~[xercesImpl-2.12.0.jar:?]
	at javax.xml.parsers.DocumentBuilder.parse(Unknown Source) ~[?:1.8.0_321]
	at org.jmeterplugins.repository.plugins.TestPlanAnalyzer.getNodeListWithClassNames(TestPlanAnalyzer.java:112) ~[jmeter-plugins-manager-1.7.jar:?]
	at org.jmeterplugins.repository.plugins.TestPlanAnalyzer.analyze(TestPlanAnalyzer.java:37) ~[jmeter-plugins-manager-1.7.jar:?]
	at org.jmeterplugins.repository.plugins.PluginSuggester.analyzeTestPlan(PluginSuggester.java:51) ~[jmeter-plugins-manager-1.7.jar:?]
	at org.jmeterplugins.repository.plugins.PluginSuggester.findPluginsToInstall(PluginSuggester.java:44) ~[jmeter-plugins-manager-1.7.jar:?]
	at org.jmeterplugins.repository.plugins.PluginSuggester.checkAndSuggest(PluginSuggester.java:28) ~[jmeter-plugins-manager-1.7.jar:?]
	at org.jmeterplugins.repository.logging.LoggerAppender.append(LoggerAppender.java:33) ~[jmeter-plugins-manager-1.7.jar:?]
	at org.apache.logging.log4j.core.config.AppenderControl.tryCallAppender(AppenderControl.java:161) ~[log4j-core-2.17.0.jar:2.17.0]
	at org.apache.logging.log4j.core.config.AppenderControl.callAppender0(AppenderControl.java:134) ~[log4j-core-2.17.0.jar:2.17.0]
	at org.apache.logging.log4j.core.config.AppenderControl.callAppenderPreventRecursion(AppenderControl.java:125) ~[log4j-core-2.17.0.jar:2.17.0]
	at org.apache.logging.log4j.core.config.AppenderControl.callAppender(AppenderControl.java:89) ~[log4j-core-2.17.0.jar:2.17.0]
	at org.apache.logging.log4j.core.config.LoggerConfig.callAppenders(LoggerConfig.java:542) ~[log4j-core-2.17.0.jar:2.17.0]
	at org.apache.logging.log4j.core.config.LoggerConfig.processLogEvent(LoggerConfig.java:500) ~[log4j-core-2.17.0.jar:2.17.0]
	at org.apache.logging.log4j.core.config.LoggerConfig.log(LoggerConfig.java:483) ~[log4j-core-2.17.0.jar:2.17.0]
	at org.apache.logging.log4j.core.config.LoggerConfig.log(LoggerConfig.java:417) ~[log4j-core-2.17.0.jar:2.17.0]
	at org.apache.logging.log4j.core.config.AwaitCompletionReliabilityStrategy.log(AwaitCompletionReliabilityStrategy.java:82) ~[log4j-core-2.17.0.jar:2.17.0]
	at org.apache.logging.log4j.core.Logger.log(Logger.java:161) ~[log4j-core-2.17.0.jar:2.17.0]
	at org.apache.logging.log4j.spi.AbstractLogger.tryLogMessage(AbstractLogger.java:2205) ~[log4j-api-2.17.0.jar:2.17.0]
	at org.apache.logging.log4j.spi.AbstractLogger.logMessageTrackRecursion(AbstractLogger.java:2159) ~[log4j-api-2.17.0.jar:2.17.0]
	at org.apache.logging.log4j.spi.AbstractLogger.logMessageSafely(AbstractLogger.java:2142) ~[log4j-api-2.17.0.jar:2.17.0]
	at org.apache.logging.log4j.spi.AbstractLogger.logMessage(AbstractLogger.java:2034) ~[log4j-api-2.17.0.jar:2.17.0]
	at org.apache.logging.log4j.spi.AbstractLogger.logIfEnabled(AbstractLogger.java:1899) ~[log4j-api-2.17.0.jar:2.17.0]
	at org.apache.logging.slf4j.Log4jLogger.info(Log4jLogger.java:184) ~[log4j-slf4j-impl-2.17.0.jar:2.17.0]
	at org.apache.jmeter.save.SaveService.loadTree(SaveService.java:428) ~[ApacheJMeter_core.jar:5.4.3]
	at org.apache.jmeter.gui.action.Load.loadProjectFile(Load.java:129) ~[ApacheJMeter_core.jar:5.4.3]
	at org.apache.jmeter.gui.action.Load.loadProjectFile(Load.java:101) ~[ApacheJMeter_core.jar:5.4.3]
	at org.apache.jmeter.gui.action.Load.doActionAfterCheck(Load.java:88) ~[ApacheJMeter_core.jar:5.4.3]
	at org.apache.jmeter.gui.action.AbstractActionWithNoRunningTest.doAction(AbstractActionWithNoRunningTest.java:44) ~[ApacheJMeter_core.jar:5.4.3]
	at org.apache.jmeter.gui.action.ActionRouter.performAction(ActionRouter.java:87) ~[ApacheJMeter_core.jar:5.4.3]
	at org.apache.jmeter.gui.action.ActionRouter.lambda$actionPerformed$0(ActionRouter.java:69) ~[ApacheJMeter_core.jar:5.4.3]
	at java.awt.event.InvocationEvent.dispatch(Unknown Source) [?:1.8.0_321]
	at java.awt.EventQueue.dispatchEventImpl(Unknown Source) [?:1.8.0_321]
	at java.awt.EventQueue.access$500(Unknown Source) [?:1.8.0_321]
	at java.awt.EventQueue$3.run(Unknown Source) [?:1.8.0_321]
	at java.awt.EventQueue$3.run(Unknown Source) [?:1.8.0_321]
	at java.security.AccessController.doPrivileged(Native Method) ~[?:1.8.0_321]
	at java.security.ProtectionDomain$JavaSecurityAccessImpl.doIntersectionPrivilege(Unknown Source) [?:1.8.0_321]
	at java.awt.EventQueue.dispatchEvent(Unknown Source) [?:1.8.0_321]
	at java.awt.EventDispatchThread.pumpOneEventForFilters(Unknown Source) [?:1.8.0_321]
	at java.awt.EventDispatchThread.pumpEventsForFilter(Unknown Source) [?:1.8.0_321]
	at java.awt.EventDispatchThread.pumpEventsForHierarchy(Unknown Source) [?:1.8.0_321]
	at java.awt.EventDispatchThread.pumpEvents(Unknown Source) [?:1.8.0_321]
	at java.awt.EventDispatchThread.pumpEvents(Unknown Source) [?:1.8.0_321]
	at java.awt.EventDispatchThread.run(Unknown Source) [?:1.8.0_321]
2022-05-13 15:46:10,245 WARN o.a.j.g.a.Load: Error reading file. java.io.FileNotFoundException: C:\apache-jmeter-5.4.3\Once Only Thread Group.jmx (The system cannot find the file specified)
2022-05-13 15:46:10,246 ERROR o.a.j.u.JMeterUtils: C:\apache-jmeter-5.4.3\Once Only Thread Group.jmx (The system cannot find the file specified)
